Sun Apr 10 18:08:56 2022 Normal: --- Startup ---
Sun Apr 10 18:08:57 2022 Normal: recursive startup rsync: /home/b08x/ -> lapbot:/home/b08x/ excluding
.bash_logout
*.xmp
.Xauthority
.config/Atom
.ansible/
.config/pulse/
.sonic-pi/log/
.icons/
.config/gtk-3.0/
.config/snn.conf
.audacity-data/
.config/htop/
.bundle/
.config/sonic-pi.net/
.config/pavucontrol.ini
.config/dconf/
.lnav/**
__pycache__/*
.Xdefaults
exclude_home.list
.config/rpan-studio/
.config/REAPER/MetadataCaches/
.hex/
AudioVitamins/
.local/share/
.local/
.gitconfig
.jekyll-cache/
.bashrc
.config/patchagerc
.config/a2j/
.installed
.local/lib/
.config/lnav/**
*.lock
.zsh/
.config/nitrogen/
.config/xfce4/
.rvm/
.fltk/
.local/state/
dots_installer.rb
.grsync/
.config/kitty/
.config/s/
.gvfs
.config/ibus/
.config/vlc/
.local/share/Trash/**
.config/jgmenu/
.solargraph/
.pki/
.sass-cache/
.config/ntk/
.zcompdump-lapbot-*
.zcompdump-crambot-5.8.1
.config/Resonant DSP/
.log/
.config/coc/
.profile
.config/REAPER/ReaPack/cache/
.dmrc
.config/transmission/
.config/Electron/
.config/qutebrowser/
.config/jacktrip/
gxloops/
.w3m/
.themes/
.config/obmenu-generator/**
.Xresources
key_bindings.md
.config/yay/
.gnupg/
.config/menus/
.config/lnav/
.config/Sononym/
.config/Kvantum/
.local/share/qutebrowser/webengine/**
.oh-my-zsh/
.config/zim/
.Trash-1000/
*~
.mkshrc
.local/include/
.mixxx/
.aliases
.sooperlooper/
.config/systemd/user/
symlink.sh
osync.workspace_sync.log
idletime.sh
.config/gtk-4.0/
.config/google-chrome/
.jamin/
.config/fmit/
Desktop/
exclude.list
archive/
exclude_workspace.list
.zshrc
.config/i3/
.config/nnn/
.zshenv
.zlogin
.config/libfm/
.zhistory.LOCK
.gtk-bookmarks
.zhistory
.zcompdump
.yard
.sonic-pi/store/default/.git/
.config/xarchiver/
.xsession-errors
.xprofile
.fonts/
.wget-hsts
.config/redshift/
.config/octopi/
.bash_profile
.vital/
.vim/
.vamp/
.thumbnails
.subversion/
.conky
.mix/
.config/antimicrox/
.sononym crawler/
.sononym audioserver/
.config/qt5ct/
.cache/
.config/RaySession/
.ray-snapshots
.cmake/
.osync_workdir/
.cargo
.non-mixer/
.nmcli-history
.moc/
.config/pcmanfm/
.local/share/gem/
.config/ingen/
.config/lsyncd/
.config/SFZTools/
.config/picom/
.config/polybar/
.gem/
.atom/
.config/QtProject.conf
.config/fontconfig/
.calfrc
.config/guake/
.ray_canvas.json
.config/celluloid/
.config/Debauchee/
.backup
.helm-synth/patches/Factory Presets/
.ICEauthority
.dbus/
*.tdb
.local/share/[Tt]rash
.config/mimeapps.list
.config/Thunar/
.config/mpv/
.TouchOSC/
.gtkrc-2.0
.config/vmpk.sourceforge.net/
.kp
.conan/
.bash_history
.config/gtk-2.0/
.screenlayout/
.config/terminator/
.config/radiotray-ng/
.config/ranger/
.config/rncbc.org/
.config/rofi/
.config/soundbot/
.config/linuxsampler.org/
.ssh/
.config/nvim/
.xsession-errors*
.config/Atom/
.fehbg
.gnome/
.baudline/
.lesshst
Sun Apr 10 18:08:58 2022 Normal: Startup of "/home/b08x/" finished: 0
Sun Apr 10 18:09:16 2022 Normal: --- INT signal, fading ---
Sun Apr 10 18:09:25 2022 Normal: --- Startup ---
Sun Apr 10 18:09:26 2022 Normal: recursive startup rsync: /home/b08x/ -> lapbot:/home/b08x/ excluding
.config/dconf/
.conky
.config/linuxsampler.org/
.subversion/
.gem/
.ansible/
.TouchOSC/
.fltk/
.config/nvim/
.thumbnails
.bundle/
.zlogin
.mixxx/
.vamp/
.zcompdump-crambot-5.8.1
.config/terminator/
.config/soundbot/
.cargo
.config/menus/
.config/guake/
.config/lnav/
.config/Sononym/
.config/Atom/
.local/share/Trash/**
.local/share/[Tt]rash
.config/lnav/**
.nmcli-history
.baudline/
.config/polybar/
.config/Atom
.gtkrc-2.0
.config/snn.conf
.Xdefaults
.local/include/
.Trash-1000/
.config/Kvantum/
.w3m/
.config/libfm/
.config/gtk-3.0/
.oh-my-zsh/
.lnav/**
.config/yay/
.config/rpan-studio/
.config/mpv/
*.tdb
.config/Thunar/
exclude_home.list
.moc/
.mkshrc
.config/ntk/
.config/xfce4/
.mix/
.config/lsyncd/
.config/picom/
.bash_history
.config/SFZTools/
.sooperlooper/
.config/Debauchee/
.config/nitrogen/
.config/xarchiver/
.config/redshift/
dots_installer.rb
.config/octopi/
.config/rncbc.org/
.config/patchagerc
.vital/
.config/QtProject.conf
.config/REAPER/MetadataCaches/
.profile
.gnome/
.config/s/
.Xauthority
.config/systemd/user/
.config/ingen/
.config/obmenu-generator/**
.cache/
.sonic-pi/log/
.sononym crawler/
.zshenv
symlink.sh
.ICEauthority
.non-mixer/
.config/vmpk.sourceforge.net/
.config/qt5ct/
.osync_workdir/
.aliases
.config/fmit/
.config/antimicrox/
exclude.list
osync.workspace_sync.log
.config/RaySession/
.kp
key_bindings.md
.bash_logout
.gvfs
idletime.sh
.grsync/
.config/gtk-4.0/
.cmake/
.gtk-bookmarks
gxloops/
.local/share/
.sonic-pi/store/default/.git/
*.lock
exclude_workspace.list
archive/
__pycache__/*
Desktop/
.config/zim/
.sononym audioserver/
.Xresources
.config/celluloid/
.config/kitty/
.vim/
.zhistory
.zcompdump-lapbot-*
.config/rofi/
.zcompdump
.config/gtk-2.0/
.config/pcmanfm/
.yard
.config/radiotray-ng/
.xsession-errors*
.xprofile
.wget-hsts
.zhistory.LOCK
.lesshst
*.xmp
.themes/
.audacity-data/
.ssh/
AudioVitamins/
.conan/
.screenlayout/
.config/coc/
.sass-cache/
.rvm/
.ray_canvas.json
.local/lib/
.atom/
.dbus/
.config/nnn/
.pki/
.log/
.bash_profile
.local/state/
.config/htop/
.installed
.config/google-chrome/
.local/share/qutebrowser/webengine/**
.local/share/gem/
.calfrc
.config/ibus/
.zshrc
.config/jacktrip/
.config/transmission/
.gnupg/
.config/a2j/
.config/Resonant DSP/
.config/i3/
*~
.gitconfig
.xsession-errors
.config/qutebrowser/
.fonts/
.solargraph/
.config/REAPER/ReaPack/cache/
.hex/
.config/fontconfig/
.icons/
.config/mimeapps.list
.config/ranger/
.config/pulse/
.config/pavucontrol.ini
.config/sonic-pi.net/
.config/jgmenu/
.config/vlc/
.ray-snapshots
.dmrc
.fehbg
.backup
.config/Electron/
.zsh/
.bashrc
.local/
.helm-synth/patches/Factory Presets/
.jamin/
.jekyll-cache/
Sun Apr 10 18:09:27 2022 Normal: Startup of "/home/b08x/" finished: 0
Sun Apr 10 18:11:09 2022 Normal: Calling rsync with filter-list of new/modified files/dirs
/text
/
Sun Apr 10 18:11:10 2022 Normal: Finished (list): 0
Sun Apr 10 18:11:34 2022 Normal: Calling rsync with filter-list of new/modified files/dirs
/.lesshsQ
/
/text
Sun Apr 10 18:11:35 2022 Normal: Finished (list): 0
Sun Apr 10 18:11:41 2022 Normal: --- INT signal, fading ---
Sun Apr 10 18:12:47 2022 Normal: --- Startup ---
Sun Apr 10 18:12:48 2022 Normal: recursive startup rsync: /home/b08x/ -> lapbot:/home/b08x/ excluding
.bash_logout
symlink.sh
.cache/
.config/SFZTools/
.config/soundbot/
.zshenv
.config/mpv/
.config/polybar/
.oh-my-zsh/
AudioVitamins/
.vim/
.config/ntk/
.config/Debauchee/
.config/REAPER/ReaPack/cache/
.config/xfce4/
.bash_profile
.config/sonic-pi.net/
.ssh/
.gem/
.vital/
.gtk-bookmarks
.config/gtk-3.0/
.config/rofi/
dots_installer.rb
.installed
.bundle/
.audacity-data/
.lnav/**
.TouchOSC/
.config/vlc/
.fltk/
.config/rncbc.org/
.grsync/
.config/gtk-4.0/
.config/htop/
.config/antimicrox/
idletime.sh
.local/lib/
.config/QtProject.conf
.config/nitrogen/
.non-mixer/
.config/Electron/
.local/share/qutebrowser/webengine/**
.config/lnav/**
.themes/
.config/ibus/
.config/Thunar/
.config/systemd/user/
.config/terminator/
.local/share/
.fehbg
.local/share/Trash/**
.moc/
.hex/
.Xresources
.config/ranger/
.config/jacktrip/
.ICEauthority
.backup
.profile
.osync_workdir/
.zcompdump-crambot-5.8.1
.log/
.fonts/
.lesshst
.config/vmpk.sourceforge.net/
.config/Kvantum/
.jekyll-cache/
osync.workspace_sync.log
key_bindings.md
.config/redshift/
gxloops/
.bashrc
exclude_workspace.list
exclude_home.list
.ray-snapshots
exclude.list
archive/
.config/Atom
Desktop/
.config/rpan-studio/
__pycache__/*
.zshrc
.zcompdump-lapbot-*
.config/radiotray-ng/
.zsh/
.config/celluloid/
.zlogin
.zhistory.LOCK
.zhistory
.zcompdump
.yard
.xsession-errors*
.config/qutebrowser/
.xsession-errors
.xprofile
.config/xarchiver/
.wget-hsts
.config/guake/
.w3m/
.bash_history
.config/zim/
.cargo
*.xmp
.gitconfig
.vamp/
*.tdb
.Trash-1000/
.sooperlooper/
.sononym crawler/
.sononym audioserver/
.pki/
.sass-cache/
.sonic-pi/log/
.config/google-chrome/
.config/pavucontrol.ini
.config/linuxsampler.org/
.config/mimeapps.list
.sonic-pi/store/default/.git/
.rvm/
.config/libfm/
.config/fmit/
.dmrc
.ray_canvas.json
.local/share/gem/
.gnome/
.conky
.config/coc/
.ansible/
.config/jgmenu/
.kp
.aliases
.config/Atom/
.mixxx/
.config/pcmanfm/
.local/state/
.nmcli-history
.config/kitty/
.icons/
.config/qt5ct/
.config/menus/
.screenlayout/
.Xauthority
.atom/
*~
.local/share/[Tt]rash
.config/yay/
.gvfs
.local/include/
.config/fontconfig/
.calfrc
.config/Resonant DSP/
.config/lsyncd/
.config/patchagerc
.config/nnn/
.config/lnav/
.config/i3/
.jamin/
.config/picom/
.Xdefaults
.config/obmenu-generator/**
.local/
.config/a2j/
.config/gtk-2.0/
.cmake/
.config/ingen/
.config/Sononym/
.solargraph/
.config/dconf/
.config/transmission/
.subversion/
.config/octopi/
.thumbnails
.mkshrc
.config/RaySession/
.gnupg/
.config/s/
.config/snn.conf
.conan/
*.lock
.baudline/
.dbus/
.config/nvim/
.gtkrc-2.0
.config/REAPER/MetadataCaches/
.config/pulse/
.helm-synth/patches/Factory Presets/
.mix/
Sun Apr 10 18:12:49 2022 Normal: Startup of "/home/b08x/" finished: 0
Sun Apr 10 18:13:04 2022 Normal: Calling rsync with filter-list of new/modified files/dirs
/text
/
Sun Apr 10 18:13:04 2022 Normal: Finished (list): 0
Sun Apr 10 18:13:26 2022 Normal: Calling rsync with filter-list of new/modified files/dirs
/text
/
/.zhistory.new
Sun Apr 10 18:13:26 2022 Normal: Finished (list): 0
Sun Apr 10 18:14:07 2022 Normal: --- INT signal, fading ---
Sun Apr 10 18:14:56 2022 Normal: --- Startup ---
Sun Apr 10 18:14:57 2022 Normal: recursive startup rsync: /home/b08x/ -> lapbot:/home/b08x/ excluding
.xsession-errors
.config/Sononym/
.non-mixer/
.cmake/
.gem/
.kp
.cache/
*.tdb
.config/Atom/
.conky
.config/radiotray-ng/
.vim/
.config/guake/
.solargraph/
.config/nnn/
.bashrc
.config/Thunar/
.zhistory
.config/patchagerc
.config/Electron/
.TouchOSC/
.sonic-pi/store/default/.git/
osync.workspace_sync.log
.config/transmission/
.config/Atom
.config/mpv/
exclude_home.list
.config/antimicrox/
.bundle/
.Xauthority
.fehbg
.jekyll-cache/
.config/coc/
.config/nvim/
.config/sonic-pi.net/
.config/obmenu-generator/**
.nmcli-history
.config/xarchiver/
.xsession-errors*
.ray_canvas.json
.zhistory.LOCK
.local/share/
.local/share/Trash/**
.gtk-bookmarks
.bash_profile
.config/yay/
.zcompdump-*
.gvfs
.Xresources
.config/lnav/**
.config/REAPER/ReaPack/cache/
.config/ntk/
__pycache__/*
.dbus/
.dmrc
symlink.sh
.subversion/
.config/pulse/
.config/picom/
.config/vmpk.sourceforge.net/
.sass-cache/
.installed
.audacity-data/
.gnome/
.config/SFZTools/
.config/systemd/user/
.local/include/
.atom/
.config/snn.conf
.calfrc
.Trash-1000/
idletime.sh
archive/
.pki/
exclude.list
.backup
.config/i3/
.config/Kvantum/
Desktop/
.local/
.local/share/[Tt]rash
gxloops/
dots_installer.rb
AudioVitamins/
.bash_history
.icons/
.screenlayout/
.config/menus/
.config/rncbc.org/
.zshrc
.config/redshift/
.oh-my-zsh/
.grsync/
.zshenv
.config/pavucontrol.ini
.zsh/
.zlogin
.themes/
.helm-synth/patches/Factory Presets/
.conan/
.ICEauthority
.profile
.w3m/
.lesshst
.mixxx/
.config/lsyncd/
*.xmp
.sooperlooper/
.fonts/
.config/Debauchee/
.xprofile
.vital/
.config/rofi/
.config/rpan-studio/
exclude_workspace.list
.config/a2j/
.thumbnails
.zhistory.*
.ssh/
.sononym crawler/
.sononym audioserver/
.sonic-pi/log/
.fltk/
.config/gtk-2.0/
.ray-snapshots
.hex/
.vamp/
.osync_workdir/
.moc/
.config/zim/
.config/qutebrowser/
.config/nitrogen/
.mkshrc
.config/jacktrip/
*.lock
.config/kitty/
.config/ibus/
.config/ranger/
*~
.local/lib/
.local/state/
.local/share/qutebrowser/webengine/**
.local/share/gem/
.gtkrc-2.0
.config/gtk-3.0/
.config/Resonant DSP/
.gitconfig
.config/fmit/
.aliases
.config/google-chrome/
.config/QtProject.conf
.Xdefaults
.config/terminator/
.config/qt5ct/
.config/dconf/
key_bindings.md
.config/pcmanfm/
.gnupg/
.config/htop/
.config/ingen/
.config/octopi/
.lnav/**
.ansible/
.config/REAPER/MetadataCaches/
.config/soundbot/
.config/polybar/
.config/RaySession/
.bash_logout
.cargo
.mix/
.config/celluloid/
.config/linuxsampler.org/
.config/lnav/
.config/jgmenu/
.log/
.config/libfm/
.config/s/
.config/gtk-4.0/
.config/xfce4/
.baudline/
.config/vlc/
.jamin/
.rvm/
.config/fontconfig/
.yard
.config/mimeapps.list
.wget-hsts
Sun Apr 10 18:14:58 2022 Normal: Startup of "/home/b08x/" finished: 0
Sun Apr 10 18:15:11 2022 Normal: Calling rsync with filter-list of new/modified files/dirs
/test
/
Sun Apr 10 18:15:12 2022 Normal: Finished (list): 0
Sun Apr 10 18:16:55 2022 Normal: --- INT signal, fading ---
